[1] Delay: 0.04670226573944092

[2] Delay: 0.07367157936096191

[2] Delay: 0.07397782802581787

[3] Delay: 0.08701121807098389

[3] Delay: 0.08737790584564209

[3] Delay: 0.0871816873550415

[4] Delay: 0.12123501300811768

[4] Delay: 0.12077081203460693

[4] Delay: 0.12116801738739014

[4] Delay: 0.12055790424346924

[5] Delay: 0.14467573165893555

[5] Delay: 0.14763188362121582

[5] Delay: 0.14714837074279785

[5] Delay: 0.15231728553771973

[5] Delay: 0.1502516269683838

[6] Delay: 0.18378305435180664

[6] Delay: 0.1839752197265625

[6] Delay: 0.18509435653686523

[6] Delay: 0.18190550804138184

[6] Delay: 0.18122577667236328

[6] Delay: 0.18007194995880127

[7] Delay: 0.19794213771820068

[7] Delay: 0.20179712772369385

[7] Delay: 0.20183062553405762

[7] Delay: 0.20084774494171143

[7] Delay: 0.20154297351837158

[7] Delay: 0.20238816738128662

[7] Delay: 0.2027263641357422

[8] Delay: 0.21818971633911133

[8] Delay: 0.21911168098449707

[8] Delay: 0.2174992561340332

[8] Delay: 0.22819268703460693

[8] Delay: 0.22213339805603027

[8] Delay: 0.22009515762329102

[8] Delay: 0.2239292860031128

[8] Delay: 0.22067344188690186

[9] Delay: 0.2576723098754883

[9] Delay: 0.2542532682418823

[9] Delay: 0.2535669803619385

[9] Delay: 0.26865291595458984

[9] Delay: 0.25462961196899414

[9] Delay: 0.24861419200897217

[9] Delay: 0.2541627883911133

[9] Delay: 0.2569080591201782

[9] Delay: 0.25383782386779785

[10] Delay: 0.27371227741241455

[10] Delay: 0.2663002014160156

[10] Delay: 0.27194058895111084

[10] Delay: 0.2747626304626465

[10] Delay: 0.28200018405914307

[10] Delay: 0.2833213806152344

[10] Delay: 0.269885778427124

[10] Delay: 0.2718062400817871

[10] Delay: 0.2762821912765503

[10] Delay: 0.2707650661468506

[11] Delay: 0.30927908420562744

[11] Delay: 0.2994692325592041

[11] Delay: 0.3015456199645996

[11] Delay: 0.29130077362060547

[11] Delay: 0.29876506328582764

[11] Delay: 0.29572761058807373

[11] Delay: 0.30880212783813477

[11] Delay: 0.2926429510116577

[11] Delay: 0.3108179569244385

[11] Delay: 0.314203143119812

[11] Delay: 0.2955058813095093

[12] Delay: 0.3123161792755127

[12] Delay: 0.3151637315750122

[12] Delay: 0.32086098194122314

[12] Delay: 0.3364964723587036

[12] Delay: 0.3278388977050781

[12] Delay: 0.3218092918395996

[12] Delay: 0.33653080463409424

[12] Delay: 0.3312849998474121

[12] Delay: 0.31680917739868164

[12] Delay: 0.3285362720489502

[12] Delay: 0.32529449462890625

[12] Delay: 0.32198452949523926

[13] Delay: 0.34306812286376953

[13] Delay: 0.34921133518218994

[13] Delay: 0.34883737564086914

[13] Delay: 0.35375213623046875

[13] Delay: 0.3485860824584961

[13] Delay: 0.3456066846847534

[13] Delay: 0.3453890085220337

[13] Delay: 0.3598591089248657

[13] Delay: 0.3514465093612671

[13] Delay: 0.36242175102233887

[13] Delay: 0.35898447036743164

[13] Delay: 0.3624008893966675

[13] Delay: 0.3512237071990967

[14] Delay: 0.378637433052063

[14] Delay: 0.38280797004699707

[14] Delay: 0.3747485876083374

[14] Delay: 0.3773932456970215

[14] Delay: 0.3700835704803467

[14] Delay: 0.37353014945983887

[14] Delay: 0.38630104064941406

[14] Delay: 0.36875665187835693

[14] Delay: 0.3998216390609741

[14] Delay: 0.37130773067474365

[14] Delay: 0.37358593940734863

[14] Delay: 0.3943082094192505

[14] Delay: 0.4005206823348999

[14] Delay: 0.3638249635696411

[15] Delay: 0.41379499435424805

[15] Delay: 0.41029679775238037

[15] Delay: 0.4175834655761719

[15] Delay: 0.40441906452178955

[15] Delay: 0.4181779623031616

[15] Delay: 0.4205127954483032

[15] Delay: 0.4047292470932007

[15] Delay: 0.40186607837677

[15] Delay: 0.43223464488983154

[15] Delay: 0.42269742488861084

[15] Delay: 0.4150869846343994

[15] Delay: 0.43939661979675293

[15] Delay: 0.436718225479126

[15] Delay: 0.40910136699676514

[15] Delay: 0.4025691747665405

[16] Delay: 0.4334954023361206

[16] Delay: 0.43305504322052

[16] Delay: 0.4371182918548584

[16] Delay: 0.43495893478393555

[16] Delay: 0.4303436279296875

[16] Delay: 0.4362015724182129

[16] Delay: 0.43995916843414307

[16] Delay: 0.43226635456085205

[16] Delay: 0.44317829608917236

[16] Delay: 0.4274817705154419

[16] Delay: 0.45099925994873047

[16] Delay: 0.4598839282989502

[16] Delay: 0.4358217716217041

[16] Delay: 0.4351468086242676

[16] Delay: 0.4589657783508301

[16] Delay: 0.4260498285293579

[17] Delay: 0.4708465337753296

[17] Delay: 0.4657403230667114

[17] Delay: 0.466170072555542

[17] Delay: 0.45523273944854736

[17] Delay: 0.4505650997161865

[17] Delay: 0.4721639156341553

[17] Delay: 0.4532036781311035

[17] Delay: 0.4608895778656006

[17] Delay: 0.457236647605896

[17] Delay: 0.4988325834274292

[17] Delay: 0.49298155307769775

[17] Delay: 0.4626256227493286

[17] Delay: 0.47598373889923096

[17] Delay: 0.4697432518005371

[17] Delay: 0.4803677797317505

[17] Delay: 0.45907747745513916

[17] Delay: 0.48804664611816406

[18] Delay: 0.48375892639160156

[18] Delay: 0.4828838109970093

[18] Delay: 0.48489439487457275

[18] Delay: 0.4811692237854004

[18] Delay: 0.4894530773162842

[18] Delay: 0.4980654716491699

[18] Delay: 0.49075841903686523

[18] Delay: 0.488788366317749

[18] Delay: 0.4934406280517578

[18] Delay: 0.4975581169128418

[18] Delay: 0.4844505786895752

[18] Delay: 0.5004172325134277

[18] Delay: 0.525443434715271

[18] Delay: 0.5161385536193848

[18] Delay: 0.4954211711883545

[18] Delay: 0.506898045539856

[18] Delay: 0.5058904886245728

[18] Delay: 0.49197280406951904

[19] Delay: 0.5174896717071533

[19] Delay: 0.5163406133651733

[19] Delay: 0.4984722137451172

[19] Delay: 0.5176910161972046

[19] Delay: 0.5135400295257568

[19] Delay: 0.5135582685470581

[19] Delay: 0.5138462781906128

[19] Delay: 0.5241490602493286

[19] Delay: 0.5181682109832764

[19] Delay: 0.5152198076248169

[19] Delay: 0.5252759456634521

[19] Delay: 0.5202956199645996

[19] Delay: 0.523606538772583

[19] Delay: 0.5266249179840088

[19] Delay: 0.5436676740646362

[19] Delay: 0.5072225332260132

[19] Delay: 0.5314037799835205

[19] Delay: 0.5248410701751709

[19] Delay: 0.5039771795272827

